d:\programming\windows gui\newgui2\newgui2\x64\release\vc143.pdb
d:\programming\windows gui\newgui2\newgui2\x64\release\.netframework,version=v4.8.assemblyattributes.obj
d:\programming\windows gui\newgui2\newgui2\x64\release\mainform.obj
d:\programming\windows gui\newgui2\x64\release\newgui2.exe
d:\programming\windows gui\newgui2\newgui2\x64\release\newgui2.vcxproj.assemblyreference.cache
d:\programming\windows gui\newgui2\newgui2\x64\release\newgui2.vcxproj.generateresource.cache
d:\programming\windows gui\newgui2\newgui2\x64\release\newgui2.mainform.resources
d:\programming\windows gui\newgui2\x64\release\newgui2.pdb
d:\programming\windows gui\newgui2\newgui2\x64\release\newgui2.tlog\cl.command.1.tlog
d:\programming\windows gui\newgui2\newgui2\x64\release\newgui2.tlog\cl.read.1.tlog
d:\programming\windows gui\newgui2\newgui2\x64\release\newgui2.tlog\cl.write.1.tlog
d:\programming\windows gui\newgui2\newgui2\x64\release\newgui2.tlog\link.17208.read.1.tlog
d:\programming\windows gui\newgui2\newgui2\x64\release\newgui2.tlog\link.17208.read.2.tlog
d:\programming\windows gui\newgui2\newgui2\x64\release\newgui2.tlog\link.17208.write.1.tlog
d:\programming\windows gui\newgui2\newgui2\x64\release\newgui2.tlog\link.17416.read.1.tlog
d:\programming\windows gui\newgui2\newgui2\x64\release\newgui2.tlog\link.17416.read.2.tlog
d:\programming\windows gui\newgui2\newgui2\x64\release\newgui2.tlog\link.17416.write.1.tlog
d:\programming\windows gui\newgui2\newgui2\x64\release\newgui2.tlog\link.19316.read.1.tlog
d:\programming\windows gui\newgui2\newgui2\x64\release\newgui2.tlog\link.19316.read.2.tlog
d:\programming\windows gui\newgui2\newgui2\x64\release\newgui2.tlog\link.19316.write.1.tlog
d:\programming\windows gui\newgui2\newgui2\x64\release\newgui2.tlog\link.8184.read.1.tlog
d:\programming\windows gui\newgui2\newgui2\x64\release\newgui2.tlog\link.8184.read.2.tlog
d:\programming\windows gui\newgui2\newgui2\x64\release\newgui2.tlog\link.8184.write.1.tlog
d:\programming\windows gui\newgui2\newgui2\x64\release\newgui2.tlog\link.command.1.tlog
d:\programming\windows gui\newgui2\newgui2\x64\release\newgui2.tlog\link.read.1.tlog
d:\programming\windows gui\newgui2\newgui2\x64\release\newgui2.tlog\link.read.2.tlog
d:\programming\windows gui\newgui2\newgui2\x64\release\newgui2.tlog\link.write.1.tlog
d:\programming\windows gui\newgui2\newgui2\x64\release\newgui2.tlog\metagen.read.1.tlog
d:\programming\windows gui\newgui2\newgui2\x64\release\newgui2.tlog\metagen.write.1.tlog
d:\programming\windows gui\newgui2\newgui2\x64\release\newgui2.tlog\resgen.command.1.tlog
d:\programming\windows gui\newgui2\newgui2\x64\release\newgui2.tlog\resgen.read.1.tlog
d:\programming\windows gui\newgui2\newgui2\x64\release\newgui2.tlog\resgen.write.1.tlog
